<?xml version="1.0" encoding="UTF-8"?>
<testng-results skipped="0" failed="0" ignored="0" total="4" passed="4">
  <reporter-output>
  </reporter-output>
  <suite name="Surefire suite" duration-ms="116501" started-at="2018-04-18T21:31:43Z" finished-at="2018-04-18T21:33:40Z">
    <groups>
    </groups>
    <test name="Surefire test" duration-ms="116501" started-at="2018-04-18T21:31:43Z" finished-at="2018-04-18T21:33:40Z">
      <class name="ActivationCode">
        <test-method status="PASS" signature="android()[pri:0, instance:ActivationCode@7fedfe27]" name="android" duration-ms="46458" started-at="2018-04-18T14:31:43Z" finished-at="2018-04-18T14:32:30Z">
          <reporter-output>
          </reporter-output>
        </test-method> <!-- android -->
        <test-method status="PASS" signature="chrome()[pri:0, instance:ActivationCode@7fedfe27]" name="chrome" duration-ms="17043" started-at="2018-04-18T14:32:30Z" finished-at="2018-04-18T14:32:47Z">
          <reporter-output>
          </reporter-output>
        </test-method> <!-- chrome -->
        <test-method status="PASS" signature="fireFox()[pri:0, instance:ActivationCode@7fedfe27]" name="fireFox" duration-ms="21259" started-at="2018-04-18T14:32:47Z" finished-at="2018-04-18T14:33:08Z">
          <reporter-output>
          </reporter-output>
        </test-method> <!-- fireFox -->
        <test-method status="PASS" signature="iOS()[pri:0, instance:ActivationCode@7fedfe27]" name="iOS" duration-ms="31379" started-at="2018-04-18T14:33:08Z" finished-at="2018-04-18T14:33:39Z">
          <reporter-output>
          </reporter-output>
        </test-method> <!-- iOS -->
        <test-method status="PASS" signature="closeBrowser()[pri:0, instance:ActivationCode@7fedfe27]" name="closeBrowser" is-config="true" duration-ms="284" started-at="2018-04-18T14:33:39Z" finished-at="2018-04-18T14:33:40Z">
          <reporter-output>
          </reporter-output>
        </test-method> <!-- closeBrowser -->
      </class> <!-- ActivationCode -->
    </test> <!-- Surefire test -->
  </suite> <!-- Surefire suite -->
</testng-results>
